data_beta/test.2015-03-18-14-20-35-0400.pcap	100	100	95
data_beta/test.2015-03-18-18-19-21-0400.pcap	100	99	71
data_beta/test.2015-03-19-18-55-24-0400.pcap	100	98	52
data_beta/test.2015-03-19-19-00-24-0400.pcap	70	133	17
data_beta/test.2015-03-19-20-58-38-0400.pcap	91	90	90
data_beta/test.2015-03-19-23-10-31-0400.pcap	93	92	88
data_beta/test.2015-03-20-02-48-19-0400.pcap	100	99	92
data_beta/test.2015-03-20-10-10-28-0400.pcap	99	96	88
data_beta/test.2015-03-20-10-15-28-0400.pcap	105	106	99
data_beta/test.2015-03-20-10-30-59-0400.pcap	100	99	85
data_beta/test.2015-03-20-14-27-05-0400.pcap	1	1	1
data_beta/test.2015-03-20-16-35-07-0400.pcap	100	99	52
data_beta/test.2015-03-21-00-14-21-0400.pcap	97	96	85
data_beta/test.2015-03-21-10-59-45-0400.pcap	1	1	1
data_beta/test.2015-03-21-11-09-49-0400.pcap	1	1	1
data_beta/test.2015-03-21-11-14-51-0400.pcap	8	8	8
data_beta/test.2015-03-21-13-49-05-0400.pcap	89	90	50
data_beta/test.2015-03-21-17-12-25-0400.pcap	100	99	97
data_beta/test.2015-03-21-17-17-28-0400.pcap	62	83	54
data_beta/test.2015-03-21-18-45-36-0400.pcap	100	99	97
data_beta/test.2015-03-22-06-53-58-0400.pcap	212	210	210
data_beta/test.2015-03-22-07-04-06-0400.pcap	223	223	223
data_beta/test.2015-03-22-07-52-59-0400.pcap	232	248	125
data_beta/test.2015-03-22-07-57-59-0400.pcap	100	120	36
data_beta/test.2015-03-22-13-11-01-0400.pcap	100	99	86
data_beta/test.2015-03-22-15-02-52-0400.pcap	130	99	96
data_beta/test.2015-03-22-15-19-01-0400.pcap	100	99	96
data_beta/test.2015-03-22-15-29-01-0400.pcap	6	3	3
data_beta/test.2015-03-22-16-09-11-0400.pcap	15	14	14
data_beta/test.2015-03-22-16-14-11-0400.pcap	22	21	21
data_beta/test.2015-03-22-17-34-11-0400.pcap	100	99	95
data_beta/test.2015-03-22-17-39-11-0400.pcap	113	112	106
data_beta/test.2015-03-22-20-24-11-0400.pcap	77	75	41
data_beta/test.2015-03-22-20-29-11-0400.pcap	18	18	6
data_beta/test.2015-03-22-20-34-11-0400.pcap	100	99	94
data_beta/test.2015-03-22-20-39-11-0400.pcap	214	213	198
data_beta/test.2015-03-22-21-54-14-0400.pcap	100	99	99
data_beta/test.2015-03-22-22-24-17-0400.pcap	65	62	61
data_beta/test.2015-03-22-22-29-17-0400.pcap	26	26	25
data_beta/test.2015-03-22-23-14-44-0400.pcap	165	165	159
data_beta/test.2015-03-23-00-10-03-0400.pcap	156	155	137
data_beta/test.2015-03-23-00-15-03-0400.pcap	51	50	45
data_beta/test.2015-03-23-01-11-18-0400.pcap	9	9	7
data_beta/test.2015-03-23-01-16-18-0400.pcap	90	90	44
data_beta/test.2015-03-23-02-47-08-0400.pcap	7	6	6
data_beta/test.2015-03-23-04-06-43-0400.pcap	204	196	155
data_beta/test.2015-03-23-04-11-43-0400.pcap	8	8	8
data_beta/test.2015-03-23-06-34-53-0400.pcap	132	104	92
data_beta/test.2015-03-23-07-05-35-0400.pcap	140	108	105
data_beta/test.2015-03-23-07-25-48-0400.pcap	10	8	8
data_beta/test.2015-03-23-07-30-48-0400.pcap	132	95	95
data_beta/test.2015-03-23-08-05-48-0400.pcap	91	89	62
data_beta/test.2015-03-23-09-11-24-0400.pcap	90	82	77
data_beta/test.2015-03-23-11-15-19-0400.pcap	107	103	85
data_beta/test.2015-03-23-11-20-22-0400.pcap	108	105	53
data_beta/test.2015-03-23-11-45-26-0400.pcap	137	115	76
data_beta/test.2015-03-23-12-25-28-0400.pcap	1	0	0
data_beta/test.2015-03-23-12-35-28-0400.pcap	96	57	57
data_beta/test.2015-03-23-12-45-30-0400.pcap	85	62	51
data_beta/test.2015-03-23-12-50-30-0400.pcap	22	13	13
data_beta/test.2015-03-23-13-10-38-0400.pcap	189	136	133
data_beta/test.2015-03-23-13-15-38-0400.pcap	86	57	56
data_beta/test.2015-03-23-13-25-48-0400.pcap	115	114	103
data_beta/test.2015-03-23-13-45-48-0400.pcap	100	93	93
data_beta/test.2015-03-23-13-50-48-0400.pcap	210	205	192
data_beta/test.2015-03-23-13-55-48-0400.pcap	88	87	81
data_beta/test.2015-03-23-14-05-48-0400.pcap	120	121	110
data_beta/test.2015-03-23-14-10-48-0400.pcap	195	193	123
data_beta/test.2015-03-23-14-15-48-0400.pcap	1	1	1
data_beta/test.2015-03-23-14-30-48-0400.pcap	96	95	76
data_beta/test.2015-03-23-14-35-48-0400.pcap	214	212	210
data_beta/test.2015-03-23-14-40-48-0400.pcap	159	158	157
data_beta/test.2015-03-23-14-45-48-0400.pcap	1	1	1
data_beta/test.2015-03-23-14-50-48-0400.pcap	11	11	11
data_beta/test.2015-03-23-15-26-06-0400.pcap	108	107	86
data_beta/test.2015-03-24-01-24-58-0400.pcap	135	108	103
data_beta/test.2015-03-24-02-12-17-0400.pcap	2	2	2
data_beta/test.2015-03-24-04-31-55-0400.pcap	131	107	106
data_beta/test.2015-03-24-04-53-54-0400.pcap	1	0	0
data_beta/test.2015-03-24-07-28-25-0400.pcap	130	100	100
data_beta/test.2015-03-24-13-37-53-0400.pcap	140	107	99
data_beta/test.2015-03-24-14-04-19-0400.pcap	17	5	5
data_beta/test.2015-03-24-14-09-19-0400.pcap	14	2	0
data_beta/test.2015-03-24-14-14-19-0400.pcap	28	1	0
data_beta/test.2015-03-24-14-19-19-0400.pcap	117	74	73
data_beta/test.2015-03-24-14-24-19-0400.pcap	4	1	1
data_beta/test.2015-03-24-14-34-29-0400.pcap	23	2	0
data_beta/test.2015-03-24-14-39-29-0400.pcap	45	1	0
data_beta/test.2015-03-24-14-44-29-0400.pcap	39	3	0
data_beta/test.2015-03-24-14-49-29-0400.pcap	41	0	0
data_beta/test.2015-03-24-14-54-29-0400.pcap	48	0	0
data_beta/test.2015-03-24-14-59-29-0400.pcap	29	0	0
data_beta/test.2015-03-24-15-26-20-0400.pcap	23	3	3
data_beta/test.2015-03-24-15-31-20-0400.pcap	11	0	0
data_beta/test.2015-03-25-02-42-02-0400.pcap	138	106	106
data_beta/test.2015-03-25-05-52-11-0400.pcap	128	93	91
data_beta/test.2015-03-25-12-50-07-0400.pcap	28	17	17
data_beta/test.2015-03-25-12-55-07-0400.pcap	37	45	15
data_beta/test.2015-03-25-13-00-07-0400.pcap	22	22	14
data_beta/test.2015-03-25-20-26-14-0400.pcap	93	92	92
data_beta/test.2015-03-25-20-36-19-0400.pcap	1	0	0
data_beta/test.2015-03-26-00-40-56-0400.pcap	15	9	9
data_beta/test.2015-03-26-00-45-56-0400.pcap	81	73	72
data_beta/test.2015-03-26-00-50-56-0400.pcap	16	15	15
data_beta/test.2015-03-27-20-19-26-0400.pcap	186	184	173
data_beta/test.2015-03-27-20-24-33-0400.pcap	1	0	0
